<log type='setting'>
<![CDATA[
{'InterTestCaseDelay':'0',
'ExecutionDate':'1504158806',
'RunHome':'C:\Workspace\CBF-2.5.6\Logs\ExecutedOn_31-08-2017_Time_06-53-25',
'AppDriver':'{plugin:CompositeAppDriver,
classname:ModuleDrivers.CompositeAppDriver}',
'TestCaseAccess':'{plugin:ExcelTestCaseAccess,
parameters:
{enableStepSelection:true,
enableIterationSelection:true}}',
'TestSetAccess':'{plugin:ExcelTestSetAccess,
parameters:
{testSetSheet:ExcelTestSet,
testSetFile:TestSet.xls}}',
'Browser':'{plugin:CHROME,
parameters:
{browserdriver:C:\Workspace\TalkTalk\Jars\Jars_updated\}}',
'WorkHome':'C:\Workspace\CBF-2.5.6',
'ObjectMap':'{plugin:ExcelMap}',
'DataAccess':'{plugin:ExcelDataAccess}',
'SleepTimerSlabs':'2000,5000,10000,15000',
'ResultReporter':'[{plugin:ScreenDump},
{plugin:ExcelReport},
{plugin:HtmlEvent},
{plugin:ResultEventLogger}]',
'AutoHome':'C:\Workspace\CBF-2.5.6\Test\Sample1',
'Entity':'Configuration'}
]]>
</log>


<log type='event'>
<![CDATA[
{'eventType':'START',
'entity':
{'id':'85665326',
'entityDetails':
{'Name':'CustomerPortal_AllOrders',
'iterationCount':'1'},
'entityType':'TestCase',
'entityName':'CustomerPortal_AllOrders'},
'eventData':'<Empty>'}
]]>
</log>


<log type='components'>
<![CDATA[
{'CustomerPortal_AllOrders':[{'occurrences':[],
'componentCode':'LaunchApp',
'stepName':'LaunchApp',
'moduleCode':'CustomerPortal_AllOrders'
}
]
}
]]>
</log>
<log type='event'>
<![CDATA[
{'eventType':'START',
'entity':
{'id':'43265327',
'entityDetails':
{'rowId':'testdata1',
'name':'Itr1',
'_selectYN':'Yes'},
'parentId':'85665326',
'entityType':'Iteration',
'entityName':' Iteration:1'},
'eventData':'<Empty>'}
]]>
</log>


<log type='event'>
<![CDATA[
{'eventType':'START',
'entity':
{'id':'82565327',
'entityDetails':
{'failTestIfUnexpected':'false',
'componentParameters':DataRow{' _rowId ':' testdata1','environment ':' EVE','MAEndPoint ':' https://eve-myaccount-bsssit.trio-2.nec.talkdev.co.uk/','pageName ':' ','SalesEndPoint ':' https://eve-sales-bssaip.trio-2.nec.talkdev.co.uk/sales-api/','url ':' https://sales.gen7.talkdev.co.uk/feature/master/test',' '},
'componentCode':'LaunchApp',
'stepName':'LaunchApp',
'moduleCode':'CustomerPortal_AllOrders',
'abortTestIfUnexpected':'false',
'componentOutputValidation':'null'},
'parentId':'43265327',
'entityType':'TestStep',
'entityName':'LaunchApp'},
'eventData':'<Empty>'}
]]>
</log>


<log type='event'>
<![CDATA[
{'eventType':'START',
'entity':
{'id':'13165327',
'parentId':'82565327',
'entityType':'Component',
'entityName':'CustomerPortal_AllOrders-LaunchApp'},
'eventData':'<Empty>'}
]]>
</log>


<log type='event'>
<![CDATA[
{'eventType':'DETAILS',
'entity':
{'id':'13165327'},
'eventData':
{'Details':
{'actual':'AgentPortal App not launched successfully',
'expected':'AgentPortal App should be launched successfully',
'screenDump':'true',
'name':'Launching AgentPortal App'},
'screenDumpName':'CustomerPortal_AllOrders_LaunchApp_0_204',
'rsType':'FAILED'}}
]]>
</log>


<log type='event'>
<![CDATA[
{'eventType':'FINISH',
'passedCount':'1',
'entity':
{'id':'13165327'},
'childcount':'0',
'eventData':
{'ResultType':'FAILED'},
'finishTime':'1504158818',
'startTime':'1504158807'}
]]>
</log>


<log type='event'>
<![CDATA[
{'eventType':'DETAILS',
'entity':
{'id':'82565327',
'entityDetails':
{'failTestIfUnexpected':'false',
'componentParameters':DataRow{' _rowId ':' testdata1','environment ':' EVE','MAEndPoint ':' https://eve-myaccount-bsssit.trio-2.nec.talkdev.co.uk/','pageName ':' ','SalesEndPoint ':' https://eve-sales-bssaip.trio-2.nec.talkdev.co.uk/sales-api/','url ':' https://sales.gen7.talkdev.co.uk/feature/master/test',' '},
'componentCode':'LaunchApp',
'stepName':'LaunchApp',
'moduleCode':'CustomerPortal_AllOrders',
'abortTestIfUnexpected':'false',
'componentOutputValidation':'null'}},
'eventData':
{'Details':
{'actual':' and execution continued despite unexpected result in component',
'expected':'',
'screenDump':'true',
'name':''},
'screenDumpName':'<Empty>',
'rsType':'FAILED'}}
]]>
</log>


<log type='event'>
<![CDATA[
{'eventType':'FINISH',
'passedCount':'1',
'entity':
{'id':'82565327',
'entityDetails':
{'failTestIfUnexpected':'false',
'componentParameters':DataRow{' _rowId ':' testdata1','environment ':' EVE','MAEndPoint ':' https://eve-myaccount-bsssit.trio-2.nec.talkdev.co.uk/','pageName ':' ','SalesEndPoint ':' https://eve-sales-bssaip.trio-2.nec.talkdev.co.uk/sales-api/','url ':' https://sales.gen7.talkdev.co.uk/feature/master/test',' '},
'componentCode':'LaunchApp',
'stepName':'LaunchApp',
'moduleCode':'CustomerPortal_AllOrders',
'abortTestIfUnexpected':'false',
'componentOutputValidation':'null'}},
'childcount':'1',
'eventData':
{'ResultType':'FAILED'},
'finishTime':'1504158818',
'startTime':'1504158807'}
]]>
</log>


<log type='event'>
<![CDATA[
{'eventType':'FINISH',
'passedCount':'1',
'entity':
{'id':'43265327',
'entityDetails':
{'rowId':'testdata1',
'name':'Itr1',
'_selectYN':'Yes'}},
'childcount':'1',
'eventData':
{'ResultType':'FAILED'},
'finishTime':'1504158819',
'startTime':'1504158807'}
]]>
</log>


<log type='event'>
<![CDATA[
{'eventType':'FINISH',
'passedCount':'1',
'entity':
{'id':'85665326',
'entityDetails':
{'Name':'CustomerPortal_AllOrders',
'iterationCount':'1'}},
'childcount':'1',
'eventData':
{'ResultType':'FAILED'},
'finishTime':'1504158819',
'startTime':'1504158806'}
]]>
</log>


